2023-12-17 02:12:927 INFO  ManageBrowser :24 - Enter email [[ChromeDriver: chrome on windows (d3e50359e8f9cbdb06b758b753b4d48c)] -> id: Email]
2023-12-17 02:12:381 INFO  ManageBrowser :24 - Enter email [[ChromeDriver: chrome on windows (c0475db6f1ebde76a30e9b0c61a119f1)] -> id: Email]
2023-12-17 02:12:884 INFO  ManageBrowser :25 - Enter email [[ChromeDriver: chrome on windows (962496e61657d9891a1ba8874f151810)] -> id: Email]
2023-12-17 02:12:255 INFO  ManageBrowser :25 - Enter email [[ChromeDriver: chrome on windows (9ba55fc4488589d079975758b05f9c5f)] -> id: Email]
2023-12-17 02:12:651 INFO  ManageBrowser :25 - Enter email [[ChromeDriver: chrome on windows (3f5c43df48f46257cb82795bc1939602)] -> id: Email]
2023-12-17 02:12:62 INFO  ManageBrowser :25 - Enter email [[ChromeDriver: chrome on windows (cf3eb463fae6c4e8d7ba06f122aefa49)] -> id: Email]
2023-12-17 15:12:241 INFO  ManageBrowser :29 - Enter email [[ChromeDriver: chrome on windows (a755d49fbe1578ec28e820bf198bbae5)] -> id: Email]
2023-12-17 15:12:961 INFO  ManageBrowser :29 - Enter email [[ChromeDriver: chrome on windows (95fa6993ace633b289b93611e9a00f2e)] -> id: Email]
2023-12-17 16:12:994 INFO  ManageBrowser :29 - Enter email [[ChromeDriver: chrome on windows (e61870284e8c30045131a3ea0b3855b8)] -> id: Email]
2023-12-17 16:12:526 INFO  ManageBrowser :29 - Enter email [[ChromeDriver: chrome on windows (de295bbd38f3b354b80fe1071fd009a4)] -> id: Email]
2023-12-17 16:12:575 INFO  ManageBrowser :29 - Enter email [[ChromeDriver: chrome on windows (a8d41d7e9d67be7b1c17f2baff039324)] -> id: Email]
2023-12-17 16:12:206 INFO  ManageBrowser :29 - Enter email [[ChromeDriver: chrome on windows (18ea0aeabbe7dab5a1e7eb29afff5e74)] -> id: Email]
2023-12-17 16:12:347 INFO  ManageBrowser :29 - Enter email [[ChromeDriver: chrome on windows (be26c8ced2a1f8ca46e333a33e9409a3)] -> id: Email]
2023-12-17 16:12:200 INFO  ManageBrowser :29 - Enter email [[ChromeDriver: chrome on windows (943945a2d4e433652676aec8b9ad8180)] -> id: Email]
2023-12-17 16:12:750 INFO  ManageBrowser :29 - Enter email [[ChromeDriver: chrome on windows (5cbff1a00a451974c58e7c801f8aced1)] -> id: Email]
2023-12-17 16:12:889 INFO  ManageBrowser :29 - Enter email [[ChromeDriver: chrome on windows (c3c1ab8cca761b7f98a14da556cad8c2)] -> id: Email]
2023-12-17 16:12:437 INFO  ManageBrowser :29 - Enter email [[ChromeDriver: chrome on windows (7225afca5509417fcf4a8050070cdfaf)] -> id: Email]
2023-12-17 16:12:507 INFO  ManageBrowser :29 - Enter email [[ChromeDriver: chrome on windows (3b8870a060383ceaecc0814f9cac1cd2)] -> id: Email]
2023-12-17 16:12:531 INFO  ManageBrowser :29 - Enter email [[ChromeDriver: chrome on windows (200f90952fcd7a350042ae8fc5fb63ff)] -> id: Email]
2023-12-17 16:12:726 INFO  ManageBrowser :29 - Enter email [[ChromeDriver: chrome on windows (f12fb5275b0c00e46f5569d561a0df85)] -> id: Email]
2023-12-17 16:12:779 INFO  ManageBrowser :29 - Enter email [[ChromeDriver: chrome on windows (fc078f16a712da0fe472930a8f633e3d)] -> id: Email]
2023-12-17 16:12:355 INFO  ManageBrowser :29 - Enter email [[ChromeDriver: chrome on windows (193d259d5dc0c2a42f4e6029d2c0b793)] -> id: Email]
2023-12-17 16:12:133 INFO  ManageBrowser :29 - Enter email [[ChromeDriver: chrome on windows (178f75304f95bed3de08dc2d15ae2e66)] -> id: Email]
2023-12-17 16:12:248 INFO  ManageBrowser :29 - Enter email [[ChromeDriver: chrome on windows (79b0c33b07b52c88f323a33d400f3f22)] -> id: Email]
2023-12-17 16:12:506 INFO  ManageBrowser :29 - Enter email [[ChromeDriver: chrome on windows (3c40879c9a7e4c8ee5f914e018ed43e5)] -> id: Email]
2023-12-17 17:12:895 INFO  ManageBrowser :29 - Enter email [[ChromeDriver: chrome on windows (79c5ae101a5ab70ea2dc1d734a250623)] -> id: Email]
2023-12-17 17:12:999 INFO  ManageBrowser :29 - Enter email [[ChromeDriver: chrome on windows (f8f89b41bc992cc942a34112b7d27a3f)] -> id: Email]
2023-12-17 17:12:77 INFO  ManageBrowser :29 - Enter email [[ChromeDriver: chrome on windows (ad761e331c062921d0b1c72894b8f6e3)] -> id: Email]
2023-12-17 17:12:544 INFO  ManageBrowser :29 - Enter email [[ChromeDriver: chrome on windows (d988e95b4611995b27823b51fb914713)] -> id: Email]
2023-12-17 17:12:447 INFO  ManageBrowser :29 - Enter email [[ChromeDriver: chrome on windows (bd5870be111ebea227919a18b0d32505)] -> id: Email]
2023-12-17 17:12:917 INFO  ManageBrowser :29 - Enter email [[ChromeDriver: chrome on windows (399131640b5cb56b26f55da3b0925823)] -> id: Email]
2023-12-17 18:12:600 INFO  ManageBrowser :29 - Enter email [[ChromeDriver: chrome on windows (8b2c0c84627c7786a5b49c2d66d92f79)] -> id: Email]
2023-12-17 18:12:418 INFO  ManageBrowser :29 - Enter email [[ChromeDriver: chrome on windows (960a207dd1b9c9b76c0a5e961a418e34)] -> id: Email]
2023-12-17 18:12:93 INFO  ManageBrowser :29 - Enter email [[ChromeDriver: chrome on windows (45cc1e10a0b4c9cfd0b12f71048b1427)] -> id: Email]
2023-12-17 18:12:197 INFO  ManageBrowser :29 - Enter email [[ChromeDriver: chrome on windows (2e9e03c830a1ac11c0dc1bf5fce44d36)] -> id: Email]
2023-12-17 18:12:209 INFO  ManageBrowser :29 - Enter email [[ChromeDriver: chrome on windows (1f0d548faee40da1d2a99b75acf24ba1)] -> id: Email]
2023-12-17 18:12:179 INFO  ManageBrowser :29 - Enter email [[ChromeDriver: chrome on windows (7e6f4e405467eb95df4d6b7ddf4f92b4)] -> id: Email]
2023-12-17 18:12:558 INFO  ManageBrowser :29 - Enter email [[ChromeDriver: chrome on windows (8d172b460e7719a8ec068850797e6a4b)] -> id: Email]
2023-12-17 18:12:759 INFO  ManageBrowser :29 - Enter email [[ChromeDriver: chrome on windows (7aed2ad99339a815c4581eb03eaad3ed)] -> id: Email]
2023-12-17 18:12:530 INFO  ManageBrowser :29 - Enter email [[ChromeDriver: chrome on windows (b310c715709c86f56c9bc7345ea681a3)] -> id: Email]
2023-12-17 19:12:903 INFO  ManageBrowser :29 - Enter email [[ChromeDriver: chrome on windows (99a490bd325da70d79ef5f7aebdd5bda)] -> id: Email]
2023-12-17 19:12:614 INFO  ManageBrowser :29 - Enter email [[ChromeDriver: chrome on windows (e72ea731c0c418bf10c56c535accdd42)] -> id: Email]
2023-12-17 19:12:709 INFO  ManageBrowser :29 - Enter email [[ChromeDriver: chrome on windows (dcfa86b277d2fd38b483773087efd3aa)] -> id: Email]
2023-12-17 19:12:270 INFO  ManageBrowser :29 - Enter email [[ChromeDriver: chrome on windows (c3083d9f5d197c24b71609be49d4c517)] -> id: Email]
2023-12-17 19:12:717 INFO  ManageBrowser :29 - Enter email [[ChromeDriver: chrome on windows (21e8b804452f0cb27a8dfa86aff4ce27)] -> id: Email]
2023-12-17 19:12:862 INFO  ManageBrowser :29 - Enter email [[ChromeDriver: chrome on windows (b991d4d6d2907c84e8758a215d7cfb50)] -> id: Email]
2023-12-17 19:12:484 INFO  ManageBrowser :29 - Enter email [[ChromeDriver: chrome on windows (2a3319e70afc8aad0170fd00784eb262)] -> id: Email]
2023-12-17 19:12:391 INFO  ManageBrowser :29 - Enter email [[ChromeDriver: chrome on windows (627b6f5fcf982eb79219b2cf7569a078)] -> id: Email]
2023-12-17 19:12:539 INFO  ManageBrowser :29 - Enter email [[ChromeDriver: chrome on windows (6c8afecf829221322309b1320b429ab4)] -> id: Email]
2023-12-17 19:12:421 INFO  ManageBrowser :29 - Enter email [[ChromeDriver: chrome on windows (c9392e7af3ac46375294e3bde5aeb96c)] -> id: Email]
2023-12-19 11:12:921 INFO  HomePage :66 - click On Login Link  : [[ChromeDriver: chrome on windows (b2bde292e2cb52f259956dff4be08542)] -> link text: Log in]
2023-12-19 11:12:960 INFO  LoginPage :68 - get Welcome Message  : [[ChromeDriver: chrome on windows (b2bde292e2cb52f259956dff4be08542)] -> xpath: //h1[normalize-space()='Welcome, Please Sign In!']]
2023-12-19 11:12:816 INFO  HomePage :66 - click On Login Link  : [[ChromeDriver: chrome on windows (445e25310bf192c1b48c668fc78ae0ea)] -> link text: Log in]
2023-12-19 11:12:923 INFO  LoginPage :75 - enter Email Address 1 : [[ChromeDriver: chrome on windows (445e25310bf192c1b48c668fc78ae0ea)] -> id: Email]
2023-12-19 11:12:995 INFO  LoginPage :81 - enter Password  : [[ChromeDriver: chrome on windows (445e25310bf192c1b48c668fc78ae0ea)] -> name: Password]
2023-12-19 11:12:267 INFO  LoginPage :87 - click On Login Button  : [[ChromeDriver: chrome on windows (445e25310bf192c1b48c668fc78ae0ea)] -> xpath: //button[contains(text(),'Log in')]]
2023-12-19 11:12:328 INFO  LoginPage :96 - get Error Message  : [[ChromeDriver: chrome on windows (445e25310bf192c1b48c668fc78ae0ea)] -> xpath: //div[@class='message-error validation-summary-errors']]
2023-12-19 11:12:371 INFO  HomePage :66 - click On Login Link  : [[ChromeDriver: chrome on windows (68f1e748e6f066e543e68d6531377342)] -> link text: Log in]
2023-12-19 11:12:512 INFO  LoginPage :75 - enter Email Address 1 : [[ChromeDriver: chrome on windows (68f1e748e6f066e543e68d6531377342)] -> id: Email]
2023-12-19 11:12:578 INFO  LoginPage :81 - enter Password  : [[ChromeDriver: chrome on windows (68f1e748e6f066e543e68d6531377342)] -> name: Password]
2023-12-19 11:12:984 INFO  LoginPage :87 - click On Login Button  : [[ChromeDriver: chrome on windows (68f1e748e6f066e543e68d6531377342)] -> xpath: //button[contains(text(),'Log in')]]
2023-12-19 11:12:130 INFO  HomePage :75 - verify LogOut Link Is Displayed : Proxy element for: DefaultElementLocator 'By.xpath: //a[normalize-space()='Log out']'
2023-12-19 11:12:05 INFO  HomePage :66 - click On Login Link  : [[ChromeDriver: chrome on windows (3d4e2f477a96b9843dfe9a59a5f70622)] -> link text: Log in]
2023-12-19 11:12:154 INFO  LoginPage :75 - enter Email Address 1 : [[ChromeDriver: chrome on windows (3d4e2f477a96b9843dfe9a59a5f70622)] -> id: Email]
2023-12-19 11:12:229 INFO  LoginPage :81 - enter Password  : [[ChromeDriver: chrome on windows (3d4e2f477a96b9843dfe9a59a5f70622)] -> name: Password]
2023-12-19 11:12:607 INFO  LoginPage :87 - click On Login Button  : [[ChromeDriver: chrome on windows (3d4e2f477a96b9843dfe9a59a5f70622)] -> xpath: //button[contains(text(),'Log in')]]
2023-12-19 11:12:606 INFO  HomePage :81 - click On Register Link Is Displayed : [[ChromeDriver: chrome on windows (0019b6349dbe1b7bf20287bbdab244ec)] -> link text: Register]
2023-12-19 11:12:637 INFO  RegisterPage :102 - verify The Text Register On Register Page : [[ChromeDriver: chrome on windows (0019b6349dbe1b7bf20287bbdab244ec)] -> xpath: //h1[contains(text(),'Register')]]
2023-12-19 11:12:588 INFO  HomePage :92 - click On Computers Link : [[ChromeDriver: chrome on windows (0cdbdcad3e1fafa4ded753a971395ad4)] -> xpath: (//a[normalize-space()='Computers'])[1]]
2023-12-19 11:12:641 INFO  ComputerPage :38 - verify Computer Text : [[ChromeDriver: chrome on windows (0cdbdcad3e1fafa4ded753a971395ad4)] -> xpath: (//h1[normalize-space()='Computers'])[1]]
2023-12-19 11:12:859 INFO  HomePage :92 - click On Computers Link : [[ChromeDriver: chrome on windows (c883a90c94910bf10de5d904985b0c86)] -> xpath: (//a[normalize-space()='Computers'])[1]]
2023-12-19 11:12:335 INFO  ComputerPage :45 - click On Desktop Link : [[ChromeDriver: chrome on windows (c883a90c94910bf10de5d904985b0c86)] -> xpath: //img[@title='Show products in category Desktops']]
2023-12-19 11:12:355 INFO  ManageBrowser :39 - Verify Text Desktop Text Is Displayed : [[ChromeDriver: chrome on windows (c883a90c94910bf10de5d904985b0c86)] -> xpath: //h1[contains(text(),'Desktops')]]
2023-12-19 11:12:886 INFO  HomePage :92 - click On Computers Link : [[ChromeDriver: chrome on windows (14db8754bb56a41f21f5d037d13f69cd)] -> xpath: (//a[normalize-space()='Computers'])[1]]
2023-12-19 11:12:331 INFO  ComputerPage :45 - click On Desktop Link : [[ChromeDriver: chrome on windows (14db8754bb56a41f21f5d037d13f69cd)] -> xpath: //img[@title='Show products in category Desktops']]
2023-12-19 11:12:796 INFO  ManageBrowser :60 - click On Select Product From Desktop Page : [[ChromeDriver: chrome on windows (14db8754bb56a41f21f5d037d13f69cd)] -> xpath: //a[contains(text(),'Build your own computer')]]
2023-12-19 11:12:914 INFO  BuildYourOwnComputerPage :55 - select Processor : [[ChromeDriver: chrome on windows (14db8754bb56a41f21f5d037d13f69cd)] -> xpath: //select[@id='product_attribute_1']]
2023-12-19 11:12:995 INFO  BuildYourOwnComputerPage :60 - select RAM : [[ChromeDriver: chrome on windows (14db8754bb56a41f21f5d037d13f69cd)] -> xpath: //select[@id='product_attribute_2']]
2023-12-19 11:12:63 INFO  BuildYourOwnComputerPage :65 - select HDD : [[ChromeDriver: chrome on windows (14db8754bb56a41f21f5d037d13f69cd)] -> id: product_attribute_3_7]
2023-12-19 11:12:131 INFO  BuildYourOwnComputerPage :70 - select OS : [[ChromeDriver: chrome on windows (14db8754bb56a41f21f5d037d13f69cd)] -> id: product_attribute_4_9]
2023-12-19 11:12:192 INFO  BuildYourOwnComputerPage :75 - select Software : [[ChromeDriver: chrome on windows (14db8754bb56a41f21f5d037d13f69cd)] -> id: product_attribute_5_12]
2023-12-19 11:12:243 INFO  BuildYourOwnComputerPage :80 - click On Add To Cart Link : [[ChromeDriver: chrome on windows (14db8754bb56a41f21f5d037d13f69cd)] -> id: add-to-cart-button-1]
2023-12-19 11:12:459 INFO  BuildYourOwnComputerPage :84 - get Message Text : [[ChromeDriver: chrome on windows (14db8754bb56a41f21f5d037d13f69cd)] -> xpath: //p[@class='content']]
2023-12-19 11:12:788 INFO  HomePage :92 - click On Computers Link : [[ChromeDriver: chrome on windows (f94c1b4b6ebdb3b1eb8c364a230aeae1)] -> xpath: (//a[normalize-space()='Computers'])[1]]
2023-12-19 11:12:227 INFO  ComputerPage :45 - click On Desktop Link : [[ChromeDriver: chrome on windows (f94c1b4b6ebdb3b1eb8c364a230aeae1)] -> xpath: //img[@title='Show products in category Desktops']]
2023-12-19 11:12:640 INFO  ManageBrowser :60 - click On Select Product From Desktop Page : [[ChromeDriver: chrome on windows (f94c1b4b6ebdb3b1eb8c364a230aeae1)] -> xpath: //a[contains(text(),'Build your own computer')]]
2023-12-19 11:12:717 INFO  BuildYourOwnComputerPage :55 - select Processor : [[ChromeDriver: chrome on windows (f94c1b4b6ebdb3b1eb8c364a230aeae1)] -> xpath: //select[@id='product_attribute_1']]
2023-12-19 11:12:809 INFO  BuildYourOwnComputerPage :60 - select RAM : [[ChromeDriver: chrome on windows (f94c1b4b6ebdb3b1eb8c364a230aeae1)] -> xpath: //select[@id='product_attribute_2']]
2023-12-19 11:12:906 INFO  BuildYourOwnComputerPage :65 - select HDD : [[ChromeDriver: chrome on windows (f94c1b4b6ebdb3b1eb8c364a230aeae1)] -> id: product_attribute_3_7]
2023-12-19 11:12:972 INFO  BuildYourOwnComputerPage :70 - select OS : [[ChromeDriver: chrome on windows (f94c1b4b6ebdb3b1eb8c364a230aeae1)] -> id: product_attribute_4_9]
2023-12-19 11:12:40 INFO  BuildYourOwnComputerPage :75 - select Software : [[ChromeDriver: chrome on windows (f94c1b4b6ebdb3b1eb8c364a230aeae1)] -> id: product_attribute_5_12]
2023-12-19 11:12:87 INFO  BuildYourOwnComputerPage :80 - click On Add To Cart Link : [[ChromeDriver: chrome on windows (f94c1b4b6ebdb3b1eb8c364a230aeae1)] -> id: add-to-cart-button-1]
2023-12-19 11:12:738 INFO  BuildYourOwnComputerPage :84 - get Message Text : [[ChromeDriver: chrome on windows (f94c1b4b6ebdb3b1eb8c364a230aeae1)] -> xpath: //p[@class='content']]
2023-12-19 11:12:685 INFO  HomePage :92 - click On Computers Link : [[ChromeDriver: chrome on windows (194ab2a13a9cb3013c45aa4c5d1d1786)] -> xpath: (//a[normalize-space()='Computers'])[1]]
2023-12-19 11:12:110 INFO  ComputerPage :45 - click On Desktop Link : [[ChromeDriver: chrome on windows (194ab2a13a9cb3013c45aa4c5d1d1786)] -> xpath: //img[@title='Show products in category Desktops']]
2023-12-19 11:12:523 INFO  ManageBrowser :60 - click On Select Product From Desktop Page : [[ChromeDriver: chrome on windows (194ab2a13a9cb3013c45aa4c5d1d1786)] -> xpath: //a[contains(text(),'Build your own computer')]]
2023-12-19 11:12:594 INFO  BuildYourOwnComputerPage :55 - select Processor : [[ChromeDriver: chrome on windows (194ab2a13a9cb3013c45aa4c5d1d1786)] -> xpath: //select[@id='product_attribute_1']]
2023-12-19 11:12:678 INFO  BuildYourOwnComputerPage :60 - select RAM : [[ChromeDriver: chrome on windows (194ab2a13a9cb3013c45aa4c5d1d1786)] -> xpath: //select[@id='product_attribute_2']]
2023-12-19 11:12:743 INFO  BuildYourOwnComputerPage :65 - select HDD : [[ChromeDriver: chrome on windows (194ab2a13a9cb3013c45aa4c5d1d1786)] -> id: product_attribute_3_7]
2023-12-19 11:12:809 INFO  BuildYourOwnComputerPage :70 - select OS : [[ChromeDriver: chrome on windows (194ab2a13a9cb3013c45aa4c5d1d1786)] -> id: product_attribute_4_9]
2023-12-19 11:12:868 INFO  BuildYourOwnComputerPage :75 - select Software : [[ChromeDriver: chrome on windows (194ab2a13a9cb3013c45aa4c5d1d1786)] -> id: product_attribute_5_12]
2023-12-19 11:12:909 INFO  BuildYourOwnComputerPage :80 - click On Add To Cart Link : [[ChromeDriver: chrome on windows (194ab2a13a9cb3013c45aa4c5d1d1786)] -> id: add-to-cart-button-1]
2023-12-19 11:12:123 INFO  BuildYourOwnComputerPage :84 - get Message Text : [[ChromeDriver: chrome on windows (194ab2a13a9cb3013c45aa4c5d1d1786)] -> xpath: //p[@class='content']]
2023-12-19 11:12:987 INFO  HomePage :66 - click On Login Link  : [[ChromeDriver: chrome on windows (b16d738f4e1c6acc5b8f3fff9d03f3a8)] -> link text: Log in]
2023-12-19 11:12:20 INFO  LoginPage :68 - get Welcome Message  : [[ChromeDriver: chrome on windows (b16d738f4e1c6acc5b8f3fff9d03f3a8)] -> xpath: //h1[normalize-space()='Welcome, Please Sign In!']]
2023-12-19 11:12:273 INFO  HomePage :66 - click On Login Link  : [[ChromeDriver: chrome on windows (b52b8b6ffb66b133f90b9671ed8a6512)] -> link text: Log in]
2023-12-19 11:12:386 INFO  LoginPage :75 - enter Email Address 1 : [[ChromeDriver: chrome on windows (b52b8b6ffb66b133f90b9671ed8a6512)] -> id: Email]
2023-12-19 11:12:457 INFO  LoginPage :81 - enter Password  : [[ChromeDriver: chrome on windows (b52b8b6ffb66b133f90b9671ed8a6512)] -> name: Password]
2023-12-19 11:12:755 INFO  LoginPage :87 - click On Login Button  : [[ChromeDriver: chrome on windows (b52b8b6ffb66b133f90b9671ed8a6512)] -> xpath: //button[contains(text(),'Log in')]]
2023-12-19 11:12:818 INFO  LoginPage :96 - get Error Message  : [[ChromeDriver: chrome on windows (b52b8b6ffb66b133f90b9671ed8a6512)] -> xpath: //div[@class='message-error validation-summary-errors']]
2023-12-19 11:12:406 INFO  HomePage :66 - click On Login Link  : [[ChromeDriver: chrome on windows (61ca74466b2b93f76f9a187ac1e39cfb)] -> link text: Log in]
2023-12-19 11:12:534 INFO  LoginPage :75 - enter Email Address 1 : [[ChromeDriver: chrome on windows (61ca74466b2b93f76f9a187ac1e39cfb)] -> id: Email]
2023-12-19 11:12:598 INFO  LoginPage :81 - enter Password  : [[ChromeDriver: chrome on windows (61ca74466b2b93f76f9a187ac1e39cfb)] -> name: Password]
2023-12-19 11:12:903 INFO  LoginPage :87 - click On Login Button  : [[ChromeDriver: chrome on windows (61ca74466b2b93f76f9a187ac1e39cfb)] -> xpath: //button[contains(text(),'Log in')]]
2023-12-19 11:12:967 INFO  HomePage :75 - verify LogOut Link Is Displayed : Proxy element for: DefaultElementLocator 'By.xpath: //a[normalize-space()='Log out']'
2023-12-19 11:12:356 INFO  HomePage :66 - click On Login Link  : [[ChromeDriver: chrome on windows (336d25852be07c46e652096c981ad515)] -> link text: Log in]
2023-12-19 11:12:459 INFO  LoginPage :75 - enter Email Address 1 : [[ChromeDriver: chrome on windows (336d25852be07c46e652096c981ad515)] -> id: Email]
2023-12-19 11:12:520 INFO  LoginPage :81 - enter Password  : [[ChromeDriver: chrome on windows (336d25852be07c46e652096c981ad515)] -> name: Password]
2023-12-19 11:12:894 INFO  LoginPage :87 - click On Login Button  : [[ChromeDriver: chrome on windows (336d25852be07c46e652096c981ad515)] -> xpath: //button[contains(text(),'Log in')]]
2023-12-19 11:12:189 INFO  HomePage :81 - click On Register Link Is Displayed : [[ChromeDriver: chrome on windows (a648c2f72156c63fe4c7f3d2feab18e8)] -> link text: Register]
2023-12-19 11:12:223 INFO  RegisterPage :102 - verify The Text Register On Register Page : [[ChromeDriver: chrome on windows (a648c2f72156c63fe4c7f3d2feab18e8)] -> xpath: //h1[contains(text(),'Register')]]
2023-12-19 11:12:69 INFO  HomePage :81 - click On Register Link Is Displayed : [[ChromeDriver: chrome on windows (c5473e962fa5987a26bb4774288b8de3)] -> link text: Register]
2023-12-19 11:12:154 INFO  RegisterPage :195 - click On Register Button : [[ChromeDriver: chrome on windows (c5473e962fa5987a26bb4774288b8de3)] -> id: register-button]
2023-12-19 11:12:170 INFO  RegisterPage :108 - verify FirstName Required ErrorText : [[ChromeDriver: chrome on windows (c5473e962fa5987a26bb4774288b8de3)] -> id: FirstName-error]
2023-12-19 11:12:195 INFO  RegisterPage :114 - verify Last Name Required ErrorText  : [[ChromeDriver: chrome on windows (c5473e962fa5987a26bb4774288b8de3)] -> id: LastName-error]
2023-12-19 11:12:215 INFO  RegisterPage :120 - verify Email Required Error Text : [[ChromeDriver: chrome on windows (c5473e962fa5987a26bb4774288b8de3)] -> id: Email-error]
2023-12-19 11:12:236 INFO  RegisterPage :126 - verify Password Required Error Text : [[ChromeDriver: chrome on windows (c5473e962fa5987a26bb4774288b8de3)] -> id: Password-error]
2023-12-19 11:12:257 INFO  RegisterPage :132 - verify Confirm Password Required Error Text : [[ChromeDriver: chrome on windows (c5473e962fa5987a26bb4774288b8de3)] -> id: ConfirmPassword-error]
2023-12-19 11:12:85 INFO  HomePage :81 - click On Register Link Is Displayed : [[ChromeDriver: chrome on windows (64123674c6d27f8cc1cde40c36734d2e)] -> link text: Register]
2023-12-19 11:12:176 INFO  RegisterPage :153 - input FirstName : [[ChromeDriver: chrome on windows (64123674c6d27f8cc1cde40c36734d2e)] -> id: FirstName]
2023-12-19 11:12:259 INFO  RegisterPage :159 - input LastName  : [[ChromeDriver: chrome on windows (64123674c6d27f8cc1cde40c36734d2e)] -> id: LastName]
2023-12-19 11:12:356 INFO  RegisterPage :165 - select Date Of Day : [[ChromeDriver: chrome on windows (64123674c6d27f8cc1cde40c36734d2e)] -> xpath: (//select[@name='DateOfBirthDay'])[1]]
2023-12-19 11:12:438 INFO  RegisterPage :171 - select Date Of Month : [[ChromeDriver: chrome on windows (64123674c6d27f8cc1cde40c36734d2e)] -> xpath: (//select[@name='DateOfBirthMonth'])[1]]
2023-12-19 11:12:526 INFO  RegisterPage :177 - select Date Of Year : [[ChromeDriver: chrome on windows (64123674c6d27f8cc1cde40c36734d2e)] -> xpath: (//select[@name='DateOfBirthYear'])[1]]
2023-12-19 11:12:545 INFO  LoginPage :28 - Enter email [[ChromeDriver: chrome on windows (64123674c6d27f8cc1cde40c36734d2e)] -> id: Email]
2023-12-19 11:12:741 INFO  RegisterPage :183 - input Password  : [[ChromeDriver: chrome on windows (64123674c6d27f8cc1cde40c36734d2e)] -> id: Password]
2023-12-19 11:12:814 INFO  RegisterPage :189 - input Confirm Password : [[ChromeDriver: chrome on windows (64123674c6d27f8cc1cde40c36734d2e)] -> id: ConfirmPassword]
2023-12-19 11:12:329 INFO  RegisterPage :195 - click On Register Button : [[ChromeDriver: chrome on windows (64123674c6d27f8cc1cde40c36734d2e)] -> id: register-button]
2023-12-19 11:12:399 INFO  RegisterPage :200 - verify Registration Completed  : [[ChromeDriver: chrome on windows (64123674c6d27f8cc1cde40c36734d2e)] -> xpath: //div[contains(text(),'Your registration completed')]]
2023-12-19 11:12:228 INFO  HomePage :93 - click On Computers Link : [[ChromeDriver: chrome on windows (b400b56f78f7a36e7cf80e9a763720eb)] -> xpath: (//a[normalize-space()='Computers'])[1]]
2023-12-19 11:12:279 INFO  ComputerPage :38 - verify Computer Text : [[ChromeDriver: chrome on windows (b400b56f78f7a36e7cf80e9a763720eb)] -> xpath: (//h1[normalize-space()='Computers'])[1]]
2023-12-19 11:12:317 INFO  HomePage :93 - click On Computers Link : [[ChromeDriver: chrome on windows (0bbe998d8d4a1d8675df6ca135748c51)] -> xpath: (//a[normalize-space()='Computers'])[1]]
2023-12-19 11:12:739 INFO  ComputerPage :45 - click On Desktop Link : [[ChromeDriver: chrome on windows (0bbe998d8d4a1d8675df6ca135748c51)] -> xpath: //img[@title='Show products in category Desktops']]
2023-12-19 11:12:758 INFO  ManageBrowser :39 - Verify Text Desktop Text Is Displayed : [[ChromeDriver: chrome on windows (0bbe998d8d4a1d8675df6ca135748c51)] -> xpath: //h1[contains(text(),'Desktops')]]
2023-12-19 11:12:18 INFO  HomePage :93 - click On Computers Link : [[ChromeDriver: chrome on windows (24cd4feb37dc6913a84737fccaf68604)] -> xpath: (//a[normalize-space()='Computers'])[1]]
2023-12-19 11:12:488 INFO  ComputerPage :45 - click On Desktop Link : [[ChromeDriver: chrome on windows (24cd4feb37dc6913a84737fccaf68604)] -> xpath: //img[@title='Show products in category Desktops']]
2023-12-19 11:12:939 INFO  ManageBrowser :60 - click On Select Product From Desktop Page : [[ChromeDriver: chrome on windows (24cd4feb37dc6913a84737fccaf68604)] -> xpath: //a[contains(text(),'Build your own computer')]]
2023-12-19 11:12:38 INFO  BuildYourOwnComputerPage :55 - select Processor : [[ChromeDriver: chrome on windows (24cd4feb37dc6913a84737fccaf68604)] -> xpath: //select[@id='product_attribute_1']]
2023-12-19 11:12:120 INFO  BuildYourOwnComputerPage :60 - select RAM : [[ChromeDriver: chrome on windows (24cd4feb37dc6913a84737fccaf68604)] -> xpath: //select[@id='product_attribute_2']]
2023-12-19 11:12:186 INFO  BuildYourOwnComputerPage :65 - select HDD : [[ChromeDriver: chrome on windows (24cd4feb37dc6913a84737fccaf68604)] -> id: product_attribute_3_7]
2023-12-19 11:12:238 INFO  BuildYourOwnComputerPage :70 - select OS : [[ChromeDriver: chrome on windows (24cd4feb37dc6913a84737fccaf68604)] -> id: product_attribute_4_9]
2023-12-19 11:12:295 INFO  BuildYourOwnComputerPage :75 - select Software : [[ChromeDriver: chrome on windows (24cd4feb37dc6913a84737fccaf68604)] -> id: product_attribute_5_12]
2023-12-19 11:12:340 INFO  BuildYourOwnComputerPage :80 - click On Add To Cart Link : [[ChromeDriver: chrome on windows (24cd4feb37dc6913a84737fccaf68604)] -> id: add-to-cart-button-1]
2023-12-19 11:12:115 INFO  BuildYourOwnComputerPage :84 - get Message Text : [[ChromeDriver: chrome on windows (24cd4feb37dc6913a84737fccaf68604)] -> xpath: //p[@class='content']]
2023-12-19 11:12:286 INFO  HomePage :93 - click On Computers Link : [[ChromeDriver: chrome on windows (ae6c5c95961d631868d9759f26cdd185)] -> xpath: (//a[normalize-space()='Computers'])[1]]
2023-12-19 11:12:746 INFO  ComputerPage :45 - click On Desktop Link : [[ChromeDriver: chrome on windows (ae6c5c95961d631868d9759f26cdd185)] -> xpath: //img[@title='Show products in category Desktops']]
2023-12-19 11:12:169 INFO  ManageBrowser :60 - click On Select Product From Desktop Page : [[ChromeDriver: chrome on windows (ae6c5c95961d631868d9759f26cdd185)] -> xpath: //a[contains(text(),'Build your own computer')]]
2023-12-19 11:12:248 INFO  BuildYourOwnComputerPage :55 - select Processor : [[ChromeDriver: chrome on windows (ae6c5c95961d631868d9759f26cdd185)] -> xpath: //select[@id='product_attribute_1']]
2023-12-19 11:12:348 INFO  BuildYourOwnComputerPage :60 - select RAM : [[ChromeDriver: chrome on windows (ae6c5c95961d631868d9759f26cdd185)] -> xpath: //select[@id='product_attribute_2']]
2023-12-19 11:12:429 INFO  BuildYourOwnComputerPage :65 - select HDD : [[ChromeDriver: chrome on windows (ae6c5c95961d631868d9759f26cdd185)] -> id: product_attribute_3_7]
2023-12-19 11:12:487 INFO  BuildYourOwnComputerPage :70 - select OS : [[ChromeDriver: chrome on windows (ae6c5c95961d631868d9759f26cdd185)] -> id: product_attribute_4_9]
2023-12-19 11:12:547 INFO  BuildYourOwnComputerPage :75 - select Software : [[ChromeDriver: chrome on windows (ae6c5c95961d631868d9759f26cdd185)] -> id: product_attribute_5_12]
2023-12-19 11:12:590 INFO  BuildYourOwnComputerPage :80 - click On Add To Cart Link : [[ChromeDriver: chrome on windows (ae6c5c95961d631868d9759f26cdd185)] -> id: add-to-cart-button-1]
2023-12-19 11:12:340 INFO  BuildYourOwnComputerPage :84 - get Message Text : [[ChromeDriver: chrome on windows (ae6c5c95961d631868d9759f26cdd185)] -> xpath: //p[@class='content']]
2023-12-19 11:12:906 INFO  HomePage :93 - click On Computers Link : [[ChromeDriver: chrome on windows (979224633e2384a6283716e787f5c024)] -> xpath: (//a[normalize-space()='Computers'])[1]]
2023-12-19 11:12:332 INFO  ComputerPage :45 - click On Desktop Link : [[ChromeDriver: chrome on windows (979224633e2384a6283716e787f5c024)] -> xpath: //img[@title='Show products in category Desktops']]
2023-12-19 11:12:763 INFO  ManageBrowser :60 - click On Select Product From Desktop Page : [[ChromeDriver: chrome on windows (979224633e2384a6283716e787f5c024)] -> xpath: //a[contains(text(),'Build your own computer')]]
2023-12-19 11:12:830 INFO  BuildYourOwnComputerPage :55 - select Processor : [[ChromeDriver: chrome on windows (979224633e2384a6283716e787f5c024)] -> xpath: //select[@id='product_attribute_1']]
2023-12-19 11:12:921 INFO  BuildYourOwnComputerPage :60 - select RAM : [[ChromeDriver: chrome on windows (979224633e2384a6283716e787f5c024)] -> xpath: //select[@id='product_attribute_2']]
2023-12-19 11:12:990 INFO  BuildYourOwnComputerPage :65 - select HDD : [[ChromeDriver: chrome on windows (979224633e2384a6283716e787f5c024)] -> id: product_attribute_3_7]
2023-12-19 11:12:49 INFO  BuildYourOwnComputerPage :70 - select OS : [[ChromeDriver: chrome on windows (979224633e2384a6283716e787f5c024)] -> id: product_attribute_4_9]
2023-12-19 11:12:112 INFO  BuildYourOwnComputerPage :75 - select Software : [[ChromeDriver: chrome on windows (979224633e2384a6283716e787f5c024)] -> id: product_attribute_5_12]
2023-12-19 11:12:158 INFO  BuildYourOwnComputerPage :80 - click On Add To Cart Link : [[ChromeDriver: chrome on windows (979224633e2384a6283716e787f5c024)] -> id: add-to-cart-button-1]
2023-12-19 11:12:868 INFO  BuildYourOwnComputerPage :84 - get Message Text : [[ChromeDriver: chrome on windows (979224633e2384a6283716e787f5c024)] -> xpath: //p[@class='content']]
2023-12-19 11:12:278 INFO  HomePage :67 - click On Login Link  : [[ChromeDriver: chrome on windows (206e637263d6c8a286bb6ca4d29b5eab)] -> link text: Log in]
2023-12-19 11:12:308 INFO  LoginPage :68 - get Welcome Message  : [[ChromeDriver: chrome on windows (206e637263d6c8a286bb6ca4d29b5eab)] -> xpath: //h1[normalize-space()='Welcome, Please Sign In!']]
2023-12-19 11:12:794 INFO  HomePage :67 - click On Login Link  : [[ChromeDriver: chrome on windows (e5a36f03f70e9020e66e15e88f813d53)] -> link text: Log in]
2023-12-19 11:12:886 INFO  LoginPage :75 - enter Email Address 1 : [[ChromeDriver: chrome on windows (e5a36f03f70e9020e66e15e88f813d53)] -> id: Email]
2023-12-19 11:12:954 INFO  LoginPage :81 - enter Password  : [[ChromeDriver: chrome on windows (e5a36f03f70e9020e66e15e88f813d53)] -> name: Password]
2023-12-19 11:12:462 INFO  LoginPage :87 - click On Login Button  : [[ChromeDriver: chrome on windows (e5a36f03f70e9020e66e15e88f813d53)] -> xpath: //button[contains(text(),'Log in')]]
2023-12-19 11:12:499 INFO  LoginPage :96 - get Error Message  : [[ChromeDriver: chrome on windows (e5a36f03f70e9020e66e15e88f813d53)] -> xpath: //div[@class='message-error validation-summary-errors']]
2023-12-19 11:12:694 INFO  HomePage :67 - click On Login Link  : [[ChromeDriver: chrome on windows (e35df054a44f0d72a5c1f204c73b4e54)] -> link text: Log in]
2023-12-19 11:12:811 INFO  LoginPage :75 - enter Email Address 1 : [[ChromeDriver: chrome on windows (e35df054a44f0d72a5c1f204c73b4e54)] -> id: Email]
2023-12-19 11:12:872 INFO  LoginPage :81 - enter Password  : [[ChromeDriver: chrome on windows (e35df054a44f0d72a5c1f204c73b4e54)] -> name: Password]
2023-12-19 11:12:248 INFO  LoginPage :87 - click On Login Button  : [[ChromeDriver: chrome on windows (e35df054a44f0d72a5c1f204c73b4e54)] -> xpath: //button[contains(text(),'Log in')]]
2023-12-19 11:12:327 INFO  HomePage :76 - verify LogOut Link Is Displayed : Proxy element for: DefaultElementLocator 'By.xpath: (//a[normalize-space()='Log out'])[1]'
2023-12-19 11:12:538 INFO  HomePage :67 - click On Login Link  : [[ChromeDriver: chrome on windows (fc02920fd1b019b22d3d2feeda656054)] -> link text: Log in]
2023-12-19 11:12:669 INFO  LoginPage :75 - enter Email Address 1 : [[ChromeDriver: chrome on windows (fc02920fd1b019b22d3d2feeda656054)] -> id: Email]
2023-12-19 11:12:737 INFO  LoginPage :81 - enter Password  : [[ChromeDriver: chrome on windows (fc02920fd1b019b22d3d2feeda656054)] -> name: Password]
2023-12-19 11:12:95 INFO  LoginPage :87 - click On Login Button  : [[ChromeDriver: chrome on windows (fc02920fd1b019b22d3d2feeda656054)] -> xpath: //button[contains(text(),'Log in')]]
2023-12-19 11:12:104 INFO  HomePage :82 - click On Register Link Is Displayed : [[ChromeDriver: chrome on windows (37a85e0c6c15ac67416ac9644b43e6e6)] -> link text: Register]
2023-12-19 11:12:136 INFO  RegisterPage :102 - verify The Text Register On Register Page : [[ChromeDriver: chrome on windows (37a85e0c6c15ac67416ac9644b43e6e6)] -> xpath: //h1[contains(text(),'Register')]]
2023-12-19 11:12:382 INFO  HomePage :82 - click On Register Link Is Displayed : [[ChromeDriver: chrome on windows (cfed55360b4f7824c28e5437d0361ab8)] -> link text: Register]
2023-12-19 11:12:476 INFO  RegisterPage :195 - click On Register Button : [[ChromeDriver: chrome on windows (cfed55360b4f7824c28e5437d0361ab8)] -> id: register-button]
2023-12-19 11:12:492 INFO  RegisterPage :108 - verify FirstName Required ErrorText : [[ChromeDriver: chrome on windows (cfed55360b4f7824c28e5437d0361ab8)] -> id: FirstName-error]
2023-12-19 11:12:528 INFO  RegisterPage :114 - verify Last Name Required ErrorText  : [[ChromeDriver: chrome on windows (cfed55360b4f7824c28e5437d0361ab8)] -> id: LastName-error]
2023-12-19 11:12:552 INFO  RegisterPage :120 - verify Email Required Error Text : [[ChromeDriver: chrome on windows (cfed55360b4f7824c28e5437d0361ab8)] -> id: Email-error]
2023-12-19 11:12:575 INFO  RegisterPage :126 - verify Password Required Error Text : [[ChromeDriver: chrome on windows (cfed55360b4f7824c28e5437d0361ab8)] -> id: Password-error]
2023-12-19 11:12:600 INFO  RegisterPage :132 - verify Confirm Password Required Error Text : [[ChromeDriver: chrome on windows (cfed55360b4f7824c28e5437d0361ab8)] -> id: ConfirmPassword-error]
2023-12-19 11:12:932 INFO  HomePage :82 - click On Register Link Is Displayed : [[ChromeDriver: chrome on windows (e6eb5a2203dcb0109c9ce45ee221f4cd)] -> link text: Register]
2023-12-19 11:12:25 INFO  RegisterPage :153 - input FirstName : [[ChromeDriver: chrome on windows (e6eb5a2203dcb0109c9ce45ee221f4cd)] -> id: FirstName]
2023-12-19 11:12:108 INFO  RegisterPage :159 - input LastName  : [[ChromeDriver: chrome on windows (e6eb5a2203dcb0109c9ce45ee221f4cd)] -> id: LastName]
2023-12-19 11:12:191 INFO  RegisterPage :165 - select Date Of Day : [[ChromeDriver: chrome on windows (e6eb5a2203dcb0109c9ce45ee221f4cd)] -> xpath: (//select[@name='DateOfBirthDay'])[1]]
2023-12-19 11:12:293 INFO  RegisterPage :171 - select Date Of Month : [[ChromeDriver: chrome on windows (e6eb5a2203dcb0109c9ce45ee221f4cd)] -> xpath: (//select[@name='DateOfBirthMonth'])[1]]
2023-12-19 11:12:393 INFO  RegisterPage :177 - select Date Of Year : [[ChromeDriver: chrome on windows (e6eb5a2203dcb0109c9ce45ee221f4cd)] -> xpath: (//select[@name='DateOfBirthYear'])[1]]
2023-12-19 11:12:418 INFO  LoginPage :28 - Enter email [[ChromeDriver: chrome on windows (e6eb5a2203dcb0109c9ce45ee221f4cd)] -> id: Email]
2023-12-19 11:12:602 INFO  RegisterPage :183 - input Password  : [[ChromeDriver: chrome on windows (e6eb5a2203dcb0109c9ce45ee221f4cd)] -> id: Password]
2023-12-19 11:12:690 INFO  RegisterPage :189 - input Confirm Password : [[ChromeDriver: chrome on windows (e6eb5a2203dcb0109c9ce45ee221f4cd)] -> id: ConfirmPassword]
2023-12-19 11:12:205 INFO  RegisterPage :195 - click On Register Button : [[ChromeDriver: chrome on windows (e6eb5a2203dcb0109c9ce45ee221f4cd)] -> id: register-button]
2023-12-19 11:12:264 INFO  RegisterPage :200 - verify Registration Completed  : [[ChromeDriver: chrome on windows (e6eb5a2203dcb0109c9ce45ee221f4cd)] -> xpath: //div[contains(text(),'Your registration completed')]]
2023-12-19 11:12:736 INFO  HomePage :67 - click On Login Link  : [[ChromeDriver: chrome on windows (3c11e0b9eba5db11f4cd6d930a295bf7)] -> link text: Log in]
2023-12-19 11:12:776 INFO  LoginPage :68 - get Welcome Message  : [[ChromeDriver: chrome on windows (3c11e0b9eba5db11f4cd6d930a295bf7)] -> xpath: //h1[normalize-space()='Welcome, Please Sign In!']]
2023-12-19 11:12:682 INFO  HomePage :67 - click On Login Link  : [[ChromeDriver: chrome on windows (38d3333a51bc37edbdb705d5361cef7f)] -> link text: Log in]
2023-12-19 11:12:790 INFO  LoginPage :75 - enter Email Address 1 : [[ChromeDriver: chrome on windows (38d3333a51bc37edbdb705d5361cef7f)] -> id: Email]
2023-12-19 11:12:860 INFO  LoginPage :81 - enter Password  : [[ChromeDriver: chrome on windows (38d3333a51bc37edbdb705d5361cef7f)] -> name: Password]
2023-12-19 11:12:204 INFO  LoginPage :87 - click On Login Button  : [[ChromeDriver: chrome on windows (38d3333a51bc37edbdb705d5361cef7f)] -> xpath: //button[contains(text(),'Log in')]]
2023-12-19 11:12:272 INFO  LoginPage :96 - get Error Message  : [[ChromeDriver: chrome on windows (38d3333a51bc37edbdb705d5361cef7f)] -> xpath: //div[@class='message-error validation-summary-errors']]
2023-12-19 11:12:392 INFO  HomePage :82 - click On Register Link Is Displayed : [[ChromeDriver: chrome on windows (a5301364ab9fa9c29dfee45167e5ba29)] -> link text: Register]
2023-12-19 11:12:492 INFO  RegisterPage :153 - input FirstName : [[ChromeDriver: chrome on windows (a5301364ab9fa9c29dfee45167e5ba29)] -> id: FirstName]
2023-12-19 11:12:568 INFO  RegisterPage :159 - input LastName  : [[ChromeDriver: chrome on windows (a5301364ab9fa9c29dfee45167e5ba29)] -> id: LastName]
2023-12-19 11:12:675 INFO  RegisterPage :165 - select Date Of Day : [[ChromeDriver: chrome on windows (a5301364ab9fa9c29dfee45167e5ba29)] -> xpath: (//select[@name='DateOfBirthDay'])[1]]
2023-12-19 11:12:756 INFO  RegisterPage :171 - select Date Of Month : [[ChromeDriver: chrome on windows (a5301364ab9fa9c29dfee45167e5ba29)] -> xpath: (//select[@name='DateOfBirthMonth'])[1]]
2023-12-19 11:12:840 INFO  RegisterPage :177 - select Date Of Year : [[ChromeDriver: chrome on windows (a5301364ab9fa9c29dfee45167e5ba29)] -> xpath: (//select[@name='DateOfBirthYear'])[1]]
2023-12-19 11:12:856 INFO  LoginPage :28 - Enter email [[ChromeDriver: chrome on windows (a5301364ab9fa9c29dfee45167e5ba29)] -> id: Email]
2023-12-19 11:12:60 INFO  RegisterPage :183 - input Password  : [[ChromeDriver: chrome on windows (a5301364ab9fa9c29dfee45167e5ba29)] -> id: Password]
2023-12-19 11:12:124 INFO  RegisterPage :189 - input Confirm Password : [[ChromeDriver: chrome on windows (a5301364ab9fa9c29dfee45167e5ba29)] -> id: ConfirmPassword]
2023-12-19 11:12:643 INFO  RegisterPage :195 - click On Register Button : [[ChromeDriver: chrome on windows (a5301364ab9fa9c29dfee45167e5ba29)] -> id: register-button]
2023-12-19 11:12:707 INFO  RegisterPage :200 - verify Registration Completed  : [[ChromeDriver: chrome on windows (a5301364ab9fa9c29dfee45167e5ba29)] -> xpath: //div[contains(text(),'Your registration completed')]]
2023-12-19 11:12:78 INFO  HomePage :67 - click On Login Link  : [[ChromeDriver: chrome on windows (a5301364ab9fa9c29dfee45167e5ba29)] -> link text: Log in]
2023-12-19 11:12:185 INFO  LoginPage :75 - enter Email Address 1 : [[ChromeDriver: chrome on windows (a5301364ab9fa9c29dfee45167e5ba29)] -> id: Email]
2023-12-19 11:12:245 INFO  LoginPage :81 - enter Password  : [[ChromeDriver: chrome on windows (a5301364ab9fa9c29dfee45167e5ba29)] -> name: Password]
2023-12-19 11:12:650 INFO  LoginPage :87 - click On Login Button  : [[ChromeDriver: chrome on windows (a5301364ab9fa9c29dfee45167e5ba29)] -> xpath: //button[contains(text(),'Log in')]]
2023-12-19 11:12:718 INFO  HomePage :76 - verify LogOut Link Is Displayed : Proxy element for: DefaultElementLocator 'By.xpath: (//a[normalize-space()='Log out'])[1]'
2023-12-19 11:12:07 INFO  HomePage :82 - click On Register Link Is Displayed : [[ChromeDriver: chrome on windows (1083f671374661e37abff851351226c6)] -> link text: Register]
2023-12-19 11:12:114 INFO  RegisterPage :153 - input FirstName : [[ChromeDriver: chrome on windows (1083f671374661e37abff851351226c6)] -> id: FirstName]
2023-12-19 11:12:192 INFO  RegisterPage :159 - input LastName  : [[ChromeDriver: chrome on windows (1083f671374661e37abff851351226c6)] -> id: LastName]
2023-12-19 11:12:280 INFO  RegisterPage :165 - select Date Of Day : [[ChromeDriver: chrome on windows (1083f671374661e37abff851351226c6)] -> xpath: (//select[@name='DateOfBirthDay'])[1]]
2023-12-19 11:12:346 INFO  RegisterPage :171 - select Date Of Month : [[ChromeDriver: chrome on windows (1083f671374661e37abff851351226c6)] -> xpath: (//select[@name='DateOfBirthMonth'])[1]]
2023-12-19 11:12:419 INFO  RegisterPage :177 - select Date Of Year : [[ChromeDriver: chrome on windows (1083f671374661e37abff851351226c6)] -> xpath: (//select[@name='DateOfBirthYear'])[1]]
2023-12-19 11:12:432 INFO  LoginPage :28 - Enter email [[ChromeDriver: chrome on windows (1083f671374661e37abff851351226c6)] -> id: Email]
2023-12-19 11:12:608 INFO  RegisterPage :183 - input Password  : [[ChromeDriver: chrome on windows (1083f671374661e37abff851351226c6)] -> id: Password]
2023-12-19 11:12:694 INFO  RegisterPage :189 - input Confirm Password : [[ChromeDriver: chrome on windows (1083f671374661e37abff851351226c6)] -> id: ConfirmPassword]
2023-12-19 11:12:272 INFO  RegisterPage :195 - click On Register Button : [[ChromeDriver: chrome on windows (1083f671374661e37abff851351226c6)] -> id: register-button]
2023-12-19 11:12:307 INFO  RegisterPage :200 - verify Registration Completed  : [[ChromeDriver: chrome on windows (1083f671374661e37abff851351226c6)] -> xpath: //div[contains(text(),'Your registration completed')]]
2023-12-19 11:12:641 INFO  HomePage :67 - click On Login Link  : [[ChromeDriver: chrome on windows (1083f671374661e37abff851351226c6)] -> link text: Log in]
2023-12-19 11:12:749 INFO  LoginPage :75 - enter Email Address 1 : [[ChromeDriver: chrome on windows (1083f671374661e37abff851351226c6)] -> id: Email]
2023-12-19 11:12:808 INFO  LoginPage :81 - enter Password  : [[ChromeDriver: chrome on windows (1083f671374661e37abff851351226c6)] -> name: Password]
2023-12-19 11:12:241 INFO  LoginPage :87 - click On Login Button  : [[ChromeDriver: chrome on windows (1083f671374661e37abff851351226c6)] -> xpath: //button[contains(text(),'Log in')]]
2023-12-19 11:12:717 INFO  HomePage :93 - click On Computers Link : [[ChromeDriver: chrome on windows (a9e961bc9ca26b8755dcc715cc714f8a)] -> xpath: (//a[normalize-space()='Computers'])[1]]
2023-12-19 11:12:745 INFO  ComputerPage :38 - verify Computer Text : [[ChromeDriver: chrome on windows (a9e961bc9ca26b8755dcc715cc714f8a)] -> xpath: (//h1[normalize-space()='Computers'])[1]]
2023-12-19 11:12:636 INFO  HomePage :93 - click On Computers Link : [[ChromeDriver: chrome on windows (a4bf897cd7771e64395e638d0624e299)] -> xpath: (//a[normalize-space()='Computers'])[1]]
2023-12-19 11:12:48 INFO  ComputerPage :45 - click On Desktop Link : [[ChromeDriver: chrome on windows (a4bf897cd7771e64395e638d0624e299)] -> xpath: //img[@title='Show products in category Desktops']]
2023-12-19 11:12:68 INFO  ManageBrowser :39 - Verify Text Desktop Text Is Displayed : [[ChromeDriver: chrome on windows (a4bf897cd7771e64395e638d0624e299)] -> xpath: //h1[contains(text(),'Desktops')]]
2023-12-19 11:12:143 INFO  HomePage :93 - click On Computers Link : [[ChromeDriver: chrome on windows (d3c1b26040d699fa95c5b5d5b609badf)] -> xpath: (//a[normalize-space()='Computers'])[1]]
2023-12-19 11:12:546 INFO  ComputerPage :45 - click On Desktop Link : [[ChromeDriver: chrome on windows (d3c1b26040d699fa95c5b5d5b609badf)] -> xpath: //img[@title='Show products in category Desktops']]
2023-12-19 11:12:986 INFO  ManageBrowser :60 - click On Select Product From Desktop Page : [[ChromeDriver: chrome on windows (d3c1b26040d699fa95c5b5d5b609badf)] -> xpath: //a[contains(text(),'Build your own computer')]]
2023-12-19 11:12:93 INFO  BuildYourOwnComputerPage :55 - select Processor : [[ChromeDriver: chrome on windows (d3c1b26040d699fa95c5b5d5b609badf)] -> xpath: //select[@id='product_attribute_1']]
2023-12-19 11:12:166 INFO  BuildYourOwnComputerPage :60 - select RAM : [[ChromeDriver: chrome on windows (d3c1b26040d699fa95c5b5d5b609badf)] -> xpath: //select[@id='product_attribute_2']]
2023-12-19 11:12:232 INFO  BuildYourOwnComputerPage :65 - select HDD : [[ChromeDriver: chrome on windows (d3c1b26040d699fa95c5b5d5b609badf)] -> id: product_attribute_3_7]
2023-12-19 11:12:287 INFO  BuildYourOwnComputerPage :70 - select OS : [[ChromeDriver: chrome on windows (d3c1b26040d699fa95c5b5d5b609badf)] -> id: product_attribute_4_9]
2023-12-19 11:12:345 INFO  BuildYourOwnComputerPage :75 - select Software : [[ChromeDriver: chrome on windows (d3c1b26040d699fa95c5b5d5b609badf)] -> id: product_attribute_5_12]
2023-12-19 11:12:393 INFO  BuildYourOwnComputerPage :80 - click On Add To Cart Link : [[ChromeDriver: chrome on windows (d3c1b26040d699fa95c5b5d5b609badf)] -> id: add-to-cart-button-1]
2023-12-19 11:12:33 INFO  BuildYourOwnComputerPage :84 - get Message Text : [[ChromeDriver: chrome on windows (d3c1b26040d699fa95c5b5d5b609badf)] -> xpath: //p[@class='content']]
2023-12-19 11:12:395 INFO  HomePage :93 - click On Computers Link : [[ChromeDriver: chrome on windows (3ca78f9e482095d469aedb6378133c61)] -> xpath: (//a[normalize-space()='Computers'])[1]]
2023-12-19 11:12:816 INFO  ComputerPage :45 - click On Desktop Link : [[ChromeDriver: chrome on windows (3ca78f9e482095d469aedb6378133c61)] -> xpath: //img[@title='Show products in category Desktops']]
2023-12-19 11:12:238 INFO  ManageBrowser :60 - click On Select Product From Desktop Page : [[ChromeDriver: chrome on windows (3ca78f9e482095d469aedb6378133c61)] -> xpath: //a[contains(text(),'Build your own computer')]]
2023-12-19 11:12:309 INFO  BuildYourOwnComputerPage :55 - select Processor : [[ChromeDriver: chrome on windows (3ca78f9e482095d469aedb6378133c61)] -> xpath: //select[@id='product_attribute_1']]
2023-12-19 11:12:393 INFO  BuildYourOwnComputerPage :60 - select RAM : [[ChromeDriver: chrome on windows (3ca78f9e482095d469aedb6378133c61)] -> xpath: //select[@id='product_attribute_2']]
2023-12-19 11:12:464 INFO  BuildYourOwnComputerPage :65 - select HDD : [[ChromeDriver: chrome on windows (3ca78f9e482095d469aedb6378133c61)] -> id: product_attribute_3_7]
2023-12-19 11:12:519 INFO  BuildYourOwnComputerPage :70 - select OS : [[ChromeDriver: chrome on windows (3ca78f9e482095d469aedb6378133c61)] -> id: product_attribute_4_9]
2023-12-19 11:12:582 INFO  BuildYourOwnComputerPage :75 - select Software : [[ChromeDriver: chrome on windows (3ca78f9e482095d469aedb6378133c61)] -> id: product_attribute_5_12]
2023-12-19 11:12:624 INFO  BuildYourOwnComputerPage :80 - click On Add To Cart Link : [[ChromeDriver: chrome on windows (3ca78f9e482095d469aedb6378133c61)] -> id: add-to-cart-button-1]
2023-12-19 11:12:899 INFO  BuildYourOwnComputerPage :84 - get Message Text : [[ChromeDriver: chrome on windows (3ca78f9e482095d469aedb6378133c61)] -> xpath: //p[@class='content']]
2023-12-19 11:12:888 INFO  HomePage :93 - click On Computers Link : [[ChromeDriver: chrome on windows (53366ccd6ed4ef2afb6b7d54490d35ba)] -> xpath: (//a[normalize-space()='Computers'])[1]]
2023-12-19 11:12:319 INFO  ComputerPage :45 - click On Desktop Link : [[ChromeDriver: chrome on windows (53366ccd6ed4ef2afb6b7d54490d35ba)] -> xpath: //img[@title='Show products in category Desktops']]
2023-12-19 11:12:730 INFO  ManageBrowser :60 - click On Select Product From Desktop Page : [[ChromeDriver: chrome on windows (53366ccd6ed4ef2afb6b7d54490d35ba)] -> xpath: //a[contains(text(),'Build your own computer')]]
2023-12-19 11:12:812 INFO  BuildYourOwnComputerPage :55 - select Processor : [[ChromeDriver: chrome on windows (53366ccd6ed4ef2afb6b7d54490d35ba)] -> xpath: //select[@id='product_attribute_1']]
2023-12-19 11:12:923 INFO  BuildYourOwnComputerPage :60 - select RAM : [[ChromeDriver: chrome on windows (53366ccd6ed4ef2afb6b7d54490d35ba)] -> xpath: //select[@id='product_attribute_2']]
2023-12-19 11:12:08 INFO  BuildYourOwnComputerPage :65 - select HDD : [[ChromeDriver: chrome on windows (53366ccd6ed4ef2afb6b7d54490d35ba)] -> id: product_attribute_3_7]
2023-12-19 11:12:78 INFO  BuildYourOwnComputerPage :70 - select OS : [[ChromeDriver: chrome on windows (53366ccd6ed4ef2afb6b7d54490d35ba)] -> id: product_attribute_4_9]
2023-12-19 11:12:150 INFO  BuildYourOwnComputerPage :75 - select Software : [[ChromeDriver: chrome on windows (53366ccd6ed4ef2afb6b7d54490d35ba)] -> id: product_attribute_5_12]
2023-12-19 11:12:192 INFO  BuildYourOwnComputerPage :80 - click On Add To Cart Link : [[ChromeDriver: chrome on windows (53366ccd6ed4ef2afb6b7d54490d35ba)] -> id: add-to-cart-button-1]
2023-12-19 11:12:847 INFO  BuildYourOwnComputerPage :84 - get Message Text : [[ChromeDriver: chrome on windows (53366ccd6ed4ef2afb6b7d54490d35ba)] -> xpath: //p[@class='content']]
2023-12-19 11:12:242 INFO  HomePage :67 - click On Login Link  : [[ChromeDriver: chrome on windows (f2d49a2e4db7eaac005d73127ba431b9)] -> link text: Log in]
2023-12-19 11:12:286 INFO  LoginPage :49 - get Welcome Message  : [[ChromeDriver: chrome on windows (f2d49a2e4db7eaac005d73127ba431b9)] -> xpath: //h1[normalize-space()='Welcome, Please Sign In!']]
2023-12-19 11:12:244 INFO  HomePage :67 - click On Login Link  : [[ChromeDriver: chrome on windows (54c35caec4a42aba2366689fe1eb6ea0)] -> link text: Log in]
2023-12-19 11:12:366 INFO  LoginPage :56 - enter Email Address 1 : [[ChromeDriver: chrome on windows (54c35caec4a42aba2366689fe1eb6ea0)] -> id: Email]
2023-12-19 11:12:435 INFO  LoginPage :62 - enter Password  : [[ChromeDriver: chrome on windows (54c35caec4a42aba2366689fe1eb6ea0)] -> name: Password]
2023-12-19 11:12:746 INFO  LoginPage :68 - click On Login Button  : [[ChromeDriver: chrome on windows (54c35caec4a42aba2366689fe1eb6ea0)] -> xpath: //button[contains(text(),'Log in')]]
2023-12-19 11:12:832 INFO  LoginPage :77 - get Error Message  : [[ChromeDriver: chrome on windows (54c35caec4a42aba2366689fe1eb6ea0)] -> xpath: //div[@class='message-error validation-summary-errors']]
2023-12-19 11:12:887 INFO  HomePage :67 - click On Login Link  : [[ChromeDriver: chrome on windows (21a0fafded727c19eae0f2a6f8b5738b)] -> link text: Log in]
2023-12-19 11:12:10 INFO  LoginPage :56 - enter Email Address 1 : [[ChromeDriver: chrome on windows (21a0fafded727c19eae0f2a6f8b5738b)] -> id: Email]
2023-12-19 11:12:78 INFO  LoginPage :62 - enter Password  : [[ChromeDriver: chrome on windows (21a0fafded727c19eae0f2a6f8b5738b)] -> name: Password]
2023-12-19 11:12:392 INFO  LoginPage :68 - click On Login Button  : [[ChromeDriver: chrome on windows (21a0fafded727c19eae0f2a6f8b5738b)] -> xpath: //button[contains(text(),'Log in')]]
2023-12-19 11:12:513 INFO  HomePage :76 - verify LogOut Link Is Displayed : Proxy element for: DefaultElementLocator 'By.xpath: (//a[normalize-space()='Log out'])[1]'
2023-12-19 11:12:834 INFO  HomePage :67 - click On Login Link  : [[ChromeDriver: chrome on windows (dd5a68ba96b669d2524277c125d3575b)] -> link text: Log in]
2023-12-19 11:12:950 INFO  LoginPage :56 - enter Email Address 1 : [[ChromeDriver: chrome on windows (dd5a68ba96b669d2524277c125d3575b)] -> id: Email]
2023-12-19 11:12:14 INFO  LoginPage :62 - enter Password  : [[ChromeDriver: chrome on windows (dd5a68ba96b669d2524277c125d3575b)] -> name: Password]
2023-12-19 11:12:314 INFO  LoginPage :68 - click On Login Button  : [[ChromeDriver: chrome on windows (dd5a68ba96b669d2524277c125d3575b)] -> xpath: //button[contains(text(),'Log in')]]
2023-12-19 11:12:132 INFO  HomePage :82 - click On Register Link Is Displayed : [[ChromeDriver: chrome on windows (6b5b3acce3dd700fa85869326d18abee)] -> link text: Register]
2023-12-19 11:12:157 INFO  RegisterPage :118 - verify The Text Register On Register Page : [[ChromeDriver: chrome on windows (6b5b3acce3dd700fa85869326d18abee)] -> xpath: //h1[contains(text(),'Register')]]
2023-12-19 11:12:623 INFO  HomePage :82 - click On Register Link Is Displayed : [[ChromeDriver: chrome on windows (2d76c39b82c6a4752db54c13d14548db)] -> link text: Register]
2023-12-19 11:12:699 INFO  RegisterPage :211 - click On Register Button : [[ChromeDriver: chrome on windows (2d76c39b82c6a4752db54c13d14548db)] -> id: register-button]
2023-12-19 11:12:716 INFO  RegisterPage :124 - verify FirstName Required ErrorText : [[ChromeDriver: chrome on windows (2d76c39b82c6a4752db54c13d14548db)] -> id: FirstName-error]
2023-12-19 11:12:745 INFO  RegisterPage :130 - verify Last Name Required ErrorText  : [[ChromeDriver: chrome on windows (2d76c39b82c6a4752db54c13d14548db)] -> id: LastName-error]
2023-12-19 11:12:769 INFO  RegisterPage :136 - verify Email Required Error Text : [[ChromeDriver: chrome on windows (2d76c39b82c6a4752db54c13d14548db)] -> id: Email-error]
2023-12-19 11:12:792 INFO  RegisterPage :142 - verify Password Required Error Text : [[ChromeDriver: chrome on windows (2d76c39b82c6a4752db54c13d14548db)] -> id: Password-error]
2023-12-19 11:12:815 INFO  RegisterPage :148 - verify Confirm Password Required Error Text : [[ChromeDriver: chrome on windows (2d76c39b82c6a4752db54c13d14548db)] -> id: ConfirmPassword-error]
2023-12-19 11:12:703 INFO  HomePage :82 - click On Register Link Is Displayed : [[ChromeDriver: chrome on windows (539f6b6de74a818aff1d1125e9c81f8a)] -> link text: Register]
2023-12-19 11:12:804 INFO  RegisterPage :169 - input FirstName : [[ChromeDriver: chrome on windows (539f6b6de74a818aff1d1125e9c81f8a)] -> id: FirstName]
2023-12-19 11:12:899 INFO  RegisterPage :175 - input LastName  : [[ChromeDriver: chrome on windows (539f6b6de74a818aff1d1125e9c81f8a)] -> id: LastName]
2023-12-19 11:12:995 INFO  RegisterPage :181 - select Date Of Day : [[ChromeDriver: chrome on windows (539f6b6de74a818aff1d1125e9c81f8a)] -> xpath: (//select[@name='DateOfBirthDay'])[1]]
2023-12-19 11:12:68 INFO  RegisterPage :187 - select Date Of Month : [[ChromeDriver: chrome on windows (539f6b6de74a818aff1d1125e9c81f8a)] -> xpath: (//select[@name='DateOfBirthMonth'])[1]]
2023-12-19 11:12:143 INFO  RegisterPage :193 - select Date Of Year : [[ChromeDriver: chrome on windows (539f6b6de74a818aff1d1125e9c81f8a)] -> xpath: (//select[@name='DateOfBirthYear'])[1]]
2023-12-19 11:12:163 INFO  RegisterPage :33 - Enter email [[ChromeDriver: chrome on windows (539f6b6de74a818aff1d1125e9c81f8a)] -> id: Email]
2023-12-19 11:12:369 INFO  RegisterPage :199 - input Password  : [[ChromeDriver: chrome on windows (539f6b6de74a818aff1d1125e9c81f8a)] -> id: Password]
2023-12-19 11:12:444 INFO  RegisterPage :205 - input Confirm Password : [[ChromeDriver: chrome on windows (539f6b6de74a818aff1d1125e9c81f8a)] -> id: ConfirmPassword]
2023-12-19 11:12:966 INFO  RegisterPage :211 - click On Register Button : [[ChromeDriver: chrome on windows (539f6b6de74a818aff1d1125e9c81f8a)] -> id: register-button]
2023-12-19 11:12:32 INFO  RegisterPage :216 - verify Registration Completed  : [[ChromeDriver: chrome on windows (539f6b6de74a818aff1d1125e9c81f8a)] -> xpath: //div[contains(text(),'Your registration completed')]]
2023-12-19 11:12:951 INFO  HomePage :67 - click On Login Link  : [[ChromeDriver: chrome on windows (d81eabd07f0e4fc60056787acfad090b)] -> link text: Log in]
2023-12-19 11:12:57 INFO  LoginPage :56 - enter Email Address 1 : [[ChromeDriver: chrome on windows (d81eabd07f0e4fc60056787acfad090b)] -> id: Email]
2023-12-19 11:12:121 INFO  LoginPage :62 - enter Password  : [[ChromeDriver: chrome on windows (d81eabd07f0e4fc60056787acfad090b)] -> name: Password]
2023-12-19 11:12:624 INFO  LoginPage :68 - click On Login Button  : [[ChromeDriver: chrome on windows (d81eabd07f0e4fc60056787acfad090b)] -> xpath: //button[contains(text(),'Log in')]]
2023-12-19 11:12:693 INFO  HomePage :76 - verify LogOut Link Is Displayed : [[ChromeDriver: chrome on windows (d81eabd07f0e4fc60056787acfad090b)] -> xpath: (//a[normalize-space()='Log out'])[1]]
2023-12-19 11:12:122 INFO  HomePage :93 - click On Computers Link : [[ChromeDriver: chrome on windows (77c08ef89459835b0ec50cb76c9f6416)] -> xpath: (//a[normalize-space()='Computers'])[1]]
2023-12-19 11:12:144 INFO  ComputerPage :38 - verify Computer Text : [[ChromeDriver: chrome on windows (77c08ef89459835b0ec50cb76c9f6416)] -> xpath: (//h1[normalize-space()='Computers'])[1]]
2023-12-19 11:12:152 INFO  HomePage :93 - click On Computers Link : [[ChromeDriver: chrome on windows (9fef8661eaf8e14bc62a3acb3ac043cb)] -> xpath: (//a[normalize-space()='Computers'])[1]]
2023-12-19 11:12:557 INFO  ComputerPage :45 - click On Desktop Link : [[ChromeDriver: chrome on windows (9fef8661eaf8e14bc62a3acb3ac043cb)] -> xpath: //img[@title='Show products in category Desktops']]
2023-12-19 11:12:574 INFO  ManageBrowser :39 - Verify Text Desktop Text Is Displayed : [[ChromeDriver: chrome on windows (9fef8661eaf8e14bc62a3acb3ac043cb)] -> xpath: //h1[contains(text(),'Desktops')]]
2023-12-19 11:12:636 INFO  HomePage :93 - click On Computers Link : [[ChromeDriver: chrome on windows (bd37ed4480018639b2696764df8030c2)] -> xpath: (//a[normalize-space()='Computers'])[1]]
2023-12-19 11:12:18 INFO  ComputerPage :45 - click On Desktop Link : [[ChromeDriver: chrome on windows (bd37ed4480018639b2696764df8030c2)] -> xpath: //img[@title='Show products in category Desktops']]
2023-12-19 11:12:425 INFO  ManageBrowser :60 - click On Select Product From Desktop Page : [[ChromeDriver: chrome on windows (bd37ed4480018639b2696764df8030c2)] -> xpath: //a[contains(text(),'Build your own computer')]]
2023-12-19 11:12:534 INFO  BuildYourOwnComputerPage :55 - select Processor : [[ChromeDriver: chrome on windows (bd37ed4480018639b2696764df8030c2)] -> xpath: //select[@id='product_attribute_1']]
2023-12-19 11:12:608 INFO  BuildYourOwnComputerPage :60 - select RAM : [[ChromeDriver: chrome on windows (bd37ed4480018639b2696764df8030c2)] -> xpath: //select[@id='product_attribute_2']]
2023-12-19 11:12:667 INFO  BuildYourOwnComputerPage :65 - select HDD : [[ChromeDriver: chrome on windows (bd37ed4480018639b2696764df8030c2)] -> id: product_attribute_3_7]
2023-12-19 11:12:723 INFO  BuildYourOwnComputerPage :70 - select OS : [[ChromeDriver: chrome on windows (bd37ed4480018639b2696764df8030c2)] -> id: product_attribute_4_9]
2023-12-19 11:12:778 INFO  BuildYourOwnComputerPage :75 - select Software : [[ChromeDriver: chrome on windows (bd37ed4480018639b2696764df8030c2)] -> id: product_attribute_5_12]
2023-12-19 11:12:831 INFO  BuildYourOwnComputerPage :80 - click On Add To Cart Link : [[ChromeDriver: chrome on windows (bd37ed4480018639b2696764df8030c2)] -> id: add-to-cart-button-1]
2023-12-19 11:12:877 INFO  BuildYourOwnComputerPage :84 - get Message Text : [[ChromeDriver: chrome on windows (bd37ed4480018639b2696764df8030c2)] -> xpath: //p[@class='content']]
2023-12-19 11:12:827 INFO  HomePage :93 - click On Computers Link : [[ChromeDriver: chrome on windows (81e89acf34a6cadb2f47cb6e149ada5a)] -> xpath: (//a[normalize-space()='Computers'])[1]]
2023-12-19 11:12:258 INFO  ComputerPage :45 - click On Desktop Link : [[ChromeDriver: chrome on windows (81e89acf34a6cadb2f47cb6e149ada5a)] -> xpath: //img[@title='Show products in category Desktops']]
2023-12-19 11:12:744 INFO  ManageBrowser :60 - click On Select Product From Desktop Page : [[ChromeDriver: chrome on windows (81e89acf34a6cadb2f47cb6e149ada5a)] -> xpath: //a[contains(text(),'Build your own computer')]]
2023-12-19 11:12:822 INFO  BuildYourOwnComputerPage :55 - select Processor : [[ChromeDriver: chrome on windows (81e89acf34a6cadb2f47cb6e149ada5a)] -> xpath: //select[@id='product_attribute_1']]
2023-12-19 11:12:898 INFO  BuildYourOwnComputerPage :60 - select RAM : [[ChromeDriver: chrome on windows (81e89acf34a6cadb2f47cb6e149ada5a)] -> xpath: //select[@id='product_attribute_2']]
2023-12-19 11:12:980 INFO  BuildYourOwnComputerPage :65 - select HDD : [[ChromeDriver: chrome on windows (81e89acf34a6cadb2f47cb6e149ada5a)] -> id: product_attribute_3_7]
2023-12-19 11:12:39 INFO  BuildYourOwnComputerPage :70 - select OS : [[ChromeDriver: chrome on windows (81e89acf34a6cadb2f47cb6e149ada5a)] -> id: product_attribute_4_9]
2023-12-19 11:12:94 INFO  BuildYourOwnComputerPage :75 - select Software : [[ChromeDriver: chrome on windows (81e89acf34a6cadb2f47cb6e149ada5a)] -> id: product_attribute_5_12]
2023-12-19 11:12:143 INFO  BuildYourOwnComputerPage :80 - click On Add To Cart Link : [[ChromeDriver: chrome on windows (81e89acf34a6cadb2f47cb6e149ada5a)] -> id: add-to-cart-button-1]
2023-12-19 11:12:789 INFO  BuildYourOwnComputerPage :84 - get Message Text : [[ChromeDriver: chrome on windows (81e89acf34a6cadb2f47cb6e149ada5a)] -> xpath: //p[@class='content']]
2023-12-19 11:12:707 INFO  HomePage :93 - click On Computers Link : [[ChromeDriver: chrome on windows (81c39abd3ab4d5ac6cb53dc19d1b015b)] -> xpath: (//a[normalize-space()='Computers'])[1]]
2023-12-19 11:12:120 INFO  ComputerPage :45 - click On Desktop Link : [[ChromeDriver: chrome on windows (81c39abd3ab4d5ac6cb53dc19d1b015b)] -> xpath: //img[@title='Show products in category Desktops']]
2023-12-19 11:12:589 INFO  ManageBrowser :60 - click On Select Product From Desktop Page : [[ChromeDriver: chrome on windows (81c39abd3ab4d5ac6cb53dc19d1b015b)] -> xpath: //a[contains(text(),'Build your own computer')]]
2023-12-19 11:12:652 INFO  BuildYourOwnComputerPage :55 - select Processor : [[ChromeDriver: chrome on windows (81c39abd3ab4d5ac6cb53dc19d1b015b)] -> xpath: //select[@id='product_attribute_1']]
2023-12-19 11:12:735 INFO  BuildYourOwnComputerPage :60 - select RAM : [[ChromeDriver: chrome on windows (81c39abd3ab4d5ac6cb53dc19d1b015b)] -> xpath: //select[@id='product_attribute_2']]
2023-12-19 11:12:803 INFO  BuildYourOwnComputerPage :65 - select HDD : [[ChromeDriver: chrome on windows (81c39abd3ab4d5ac6cb53dc19d1b015b)] -> id: product_attribute_3_7]
2023-12-19 11:12:863 INFO  BuildYourOwnComputerPage :70 - select OS : [[ChromeDriver: chrome on windows (81c39abd3ab4d5ac6cb53dc19d1b015b)] -> id: product_attribute_4_9]
2023-12-19 11:12:925 INFO  BuildYourOwnComputerPage :75 - select Software : [[ChromeDriver: chrome on windows (81c39abd3ab4d5ac6cb53dc19d1b015b)] -> id: product_attribute_5_12]
2023-12-19 11:12:970 INFO  BuildYourOwnComputerPage :80 - click On Add To Cart Link : [[ChromeDriver: chrome on windows (81c39abd3ab4d5ac6cb53dc19d1b015b)] -> id: add-to-cart-button-1]
2023-12-19 11:12:182 INFO  BuildYourOwnComputerPage :84 - get Message Text : [[ChromeDriver: chrome on windows (81c39abd3ab4d5ac6cb53dc19d1b015b)] -> xpath: //p[@class='content']]
2023-12-19 11:12:17 INFO  HomePage :67 - click On Login Link  : [[ChromeDriver: chrome on windows (e2071f89781f75f2479f1ed8186a18dc)] -> link text: Log in]
2023-12-19 11:12:53 INFO  LoginPage :49 - get Welcome Message  : [[ChromeDriver: chrome on windows (e2071f89781f75f2479f1ed8186a18dc)] -> xpath: //h1[normalize-space()='Welcome, Please Sign In!']]
2023-12-19 11:12:409 INFO  HomePage :67 - click On Login Link  : [[ChromeDriver: chrome on windows (77c8b58aa9aa0fcdd6ddbb53b9dc67ca)] -> link text: Log in]
2023-12-19 11:12:521 INFO  LoginPage :56 - enter Email Address 1 : [[ChromeDriver: chrome on windows (77c8b58aa9aa0fcdd6ddbb53b9dc67ca)] -> id: Email]
2023-12-19 11:12:586 INFO  LoginPage :62 - enter Password  : [[ChromeDriver: chrome on windows (77c8b58aa9aa0fcdd6ddbb53b9dc67ca)] -> name: Password]
2023-12-19 11:12:910 INFO  LoginPage :68 - click On Login Button  : [[ChromeDriver: chrome on windows (77c8b58aa9aa0fcdd6ddbb53b9dc67ca)] -> xpath: //button[contains(text(),'Log in')]]
2023-12-19 11:12:985 INFO  LoginPage :77 - get Error Message  : [[ChromeDriver: chrome on windows (77c8b58aa9aa0fcdd6ddbb53b9dc67ca)] -> xpath: //div[@class='message-error validation-summary-errors']]
2023-12-19 11:12:566 INFO  HomePage :67 - click On Login Link  : [[ChromeDriver: chrome on windows (7cc420aa475ce80c7808ace1289dcb0c)] -> link text: Log in]
2023-12-19 11:12:693 INFO  LoginPage :56 - enter Email Address 1 : [[ChromeDriver: chrome on windows (7cc420aa475ce80c7808ace1289dcb0c)] -> id: Email]
2023-12-19 11:12:778 INFO  LoginPage :62 - enter Password  : [[ChromeDriver: chrome on windows (7cc420aa475ce80c7808ace1289dcb0c)] -> name: Password]
2023-12-19 11:12:430 INFO  LoginPage :68 - click On Login Button  : [[ChromeDriver: chrome on windows (7cc420aa475ce80c7808ace1289dcb0c)] -> xpath: //button[contains(text(),'Log in')]]
2023-12-19 11:12:469 INFO  HomePage :76 - verify LogOut Link Is Displayed : [[ChromeDriver: chrome on windows (7cc420aa475ce80c7808ace1289dcb0c)] -> xpath: (//a[normalize-space()='Log out'])[1]]
2023-12-19 11:12:177 INFO  HomePage :67 - click On Login Link  : [[ChromeDriver: chrome on windows (6748269654e67ac8ca8a5e3b7ca54343)] -> link text: Log in]
2023-12-19 11:12:302 INFO  LoginPage :56 - enter Email Address 1 : [[ChromeDriver: chrome on windows (6748269654e67ac8ca8a5e3b7ca54343)] -> id: Email]
2023-12-19 11:12:368 INFO  LoginPage :62 - enter Password  : [[ChromeDriver: chrome on windows (6748269654e67ac8ca8a5e3b7ca54343)] -> name: Password]
2023-12-19 11:12:893 INFO  LoginPage :68 - click On Login Button  : [[ChromeDriver: chrome on windows (6748269654e67ac8ca8a5e3b7ca54343)] -> xpath: //button[contains(text(),'Log in')]]
2023-12-19 11:12:570 INFO  LoginPage :73 - click On LogOut Button : [[ChromeDriver: chrome on windows (6748269654e67ac8ca8a5e3b7ca54343)] -> xpath: //a[normalize-space()='Log out']]
2023-12-19 11:12:606 INFO  HomePage :71 - verify Log In Link Is Displayed : [[ChromeDriver: chrome on windows (6748269654e67ac8ca8a5e3b7ca54343)] -> link text: Log in]
2023-12-19 11:12:422 INFO  HomePage :82 - click On Register Link Is Displayed : [[ChromeDriver: chrome on windows (a972ab47e0fef733b5d8d191524f350b)] -> link text: Register]
2023-12-19 11:12:454 INFO  RegisterPage :118 - verify The Text Register On Register Page : [[ChromeDriver: chrome on windows (a972ab47e0fef733b5d8d191524f350b)] -> xpath: //h1[contains(text(),'Register')]]
2023-12-19 11:12:413 INFO  HomePage :82 - click On Register Link Is Displayed : [[ChromeDriver: chrome on windows (a8591658128d84268a8b788909e79431)] -> link text: Register]
2023-12-19 11:12:495 INFO  RegisterPage :211 - click On Register Button : [[ChromeDriver: chrome on windows (a8591658128d84268a8b788909e79431)] -> id: register-button]
2023-12-19 11:12:513 INFO  RegisterPage :124 - verify FirstName Required ErrorText : [[ChromeDriver: chrome on windows (a8591658128d84268a8b788909e79431)] -> id: FirstName-error]
2023-12-19 11:12:543 INFO  RegisterPage :130 - verify Last Name Required ErrorText  : [[ChromeDriver: chrome on windows (a8591658128d84268a8b788909e79431)] -> id: LastName-error]
2023-12-19 11:12:565 INFO  RegisterPage :136 - verify Email Required Error Text : [[ChromeDriver: chrome on windows (a8591658128d84268a8b788909e79431)] -> id: Email-error]
2023-12-19 11:12:592 INFO  RegisterPage :142 - verify Password Required Error Text : [[ChromeDriver: chrome on windows (a8591658128d84268a8b788909e79431)] -> id: Password-error]
2023-12-19 11:12:620 INFO  RegisterPage :148 - verify Confirm Password Required Error Text : [[ChromeDriver: chrome on windows (a8591658128d84268a8b788909e79431)] -> id: ConfirmPassword-error]
2023-12-19 11:12:487 INFO  HomePage :82 - click On Register Link Is Displayed : [[ChromeDriver: chrome on windows (556bc5683b6baf20c3e4ab61c709f0a5)] -> link text: Register]
2023-12-19 11:12:581 INFO  RegisterPage :169 - input FirstName : [[ChromeDriver: chrome on windows (556bc5683b6baf20c3e4ab61c709f0a5)] -> id: FirstName]
2023-12-19 11:12:649 INFO  RegisterPage :175 - input LastName  : [[ChromeDriver: chrome on windows (556bc5683b6baf20c3e4ab61c709f0a5)] -> id: LastName]
2023-12-19 11:12:754 INFO  RegisterPage :181 - select Date Of Day : [[ChromeDriver: chrome on windows (556bc5683b6baf20c3e4ab61c709f0a5)] -> xpath: (//select[@name='DateOfBirthDay'])[1]]
2023-12-19 11:12:867 INFO  RegisterPage :187 - select Date Of Month : [[ChromeDriver: chrome on windows (556bc5683b6baf20c3e4ab61c709f0a5)] -> xpath: (//select[@name='DateOfBirthMonth'])[1]]
2023-12-19 11:12:930 INFO  RegisterPage :193 - select Date Of Year : [[ChromeDriver: chrome on windows (556bc5683b6baf20c3e4ab61c709f0a5)] -> xpath: (//select[@name='DateOfBirthYear'])[1]]
2023-12-19 11:12:948 INFO  RegisterPage :33 - Enter email [[ChromeDriver: chrome on windows (556bc5683b6baf20c3e4ab61c709f0a5)] -> id: Email]
2023-12-19 11:12:126 INFO  RegisterPage :199 - input Password  : [[ChromeDriver: chrome on windows (556bc5683b6baf20c3e4ab61c709f0a5)] -> id: Password]
2023-12-19 11:12:193 INFO  RegisterPage :205 - input Confirm Password : [[ChromeDriver: chrome on windows (556bc5683b6baf20c3e4ab61c709f0a5)] -> id: ConfirmPassword]
2023-12-19 11:12:753 INFO  RegisterPage :211 - click On Register Button : [[ChromeDriver: chrome on windows (556bc5683b6baf20c3e4ab61c709f0a5)] -> id: register-button]
2023-12-19 11:12:768 INFO  RegisterPage :216 - verify Registration Completed  : [[ChromeDriver: chrome on windows (556bc5683b6baf20c3e4ab61c709f0a5)] -> xpath: //div[contains(text(),'Your registration completed')]]
